<?xml version="1.0" encoding="UTF-8"?>
<robot generator="Robot 3.1.1 (Python 3.7.2 on darwin)" generated="20190214 14:34:39.963" rpa="false">
<suite id="s1" name="RobotProject" source="/Volumes/DATA/Robot Workspace/RobotProject">
<suite id="s1-s1" name="Test" source="/Volumes/DATA/Robot Workspace/RobotProject/Test">
<suite id="s1-s1-s1" name="RobotTestSuite" source="/Volumes/DATA/Robot Workspace/RobotProject/Test/RobotTestSuite.robot">
<kw name="Log" library="BuiltIn" type="setup">
<doc>Logs the given message with the given level.</doc>
<arguments>
<arg>I am inside Test Suite Setup</arg>
</arguments>
<msg timestamp="20190214 14:34:40.116" level="INFO">I am inside Test Suite Setup</msg>
<status status="PASS" starttime="20190214 14:34:40.116" endtime="20190214 14:34:40.116"></status>
</kw>
<test id="s1-s1-s1-t1" name="MYFirstTest">
<kw name="Log" library="BuiltIn" type="setup">
<doc>Logs the given message with the given level.</doc>
<arguments>
<arg>I am inside Test Setup</arg>
</arguments>
<msg timestamp="20190214 14:34:40.117" level="INFO">I am inside Test Setup</msg>
<status status="PASS" starttime="20190214 14:34:40.117" endtime="20190214 14:34:40.118"></status>
</kw>
<kw name="Log" library="BuiltIn">
<doc>Logs the given message with the given level.</doc>
<arguments>
<arg>HEllo World</arg>
</arguments>
<msg timestamp="20190214 14:34:40.118" level="INFO">HEllo World</msg>
<status status="PASS" starttime="20190214 14:34:40.118" endtime="20190214 14:34:40.118"></status>
</kw>
<kw name="Log" library="BuiltIn" type="teardown">
<doc>Logs the given message with the given level.</doc>
<arguments>
<arg>I am inside Test Teardown</arg>
</arguments>
<msg timestamp="20190214 14:34:40.119" level="INFO">I am inside Test Teardown</msg>
<status status="PASS" starttime="20190214 14:34:40.119" endtime="20190214 14:34:40.119"></status>
</kw>
<tags>
<tag>sanity</tag>
</tags>
<status status="PASS" starttime="20190214 14:34:40.117" endtime="20190214 14:34:40.119" critical="yes"></status>
</test>
<test id="s1-s1-s1-t2" name="MYSecondTest">
<kw name="Log" library="BuiltIn" type="setup">
<doc>Logs the given message with the given level.</doc>
<arguments>
<arg>I am inside Test Setup</arg>
</arguments>
<msg timestamp="20190214 14:34:40.120" level="INFO">I am inside Test Setup</msg>
<status status="PASS" starttime="20190214 14:34:40.120" endtime="20190214 14:34:40.120"></status>
</kw>
<kw name="Log" library="BuiltIn">
<doc>Logs the given message with the given level.</doc>
<arguments>
<arg>I am inside second test</arg>
</arguments>
<msg timestamp="20190214 14:34:40.121" level="INFO">I am inside second test</msg>
<status status="PASS" starttime="20190214 14:34:40.121" endtime="20190214 14:34:40.121"></status>
</kw>
<kw name="Set Tags" library="BuiltIn">
<doc>Adds given ``tags`` for the current test or all tests in a suite.</doc>
<arguments>
<arg>regression1</arg>
</arguments>
<msg timestamp="20190214 14:34:40.122" level="INFO">Set tag 'regression1'.</msg>
<status status="PASS" starttime="20190214 14:34:40.121" endtime="20190214 14:34:40.122"></status>
</kw>
<kw name="Remove Tags" library="BuiltIn">
<doc>Removes given ``tags`` from the current test or all tests in a suite.</doc>
<arguments>
<arg>regression1</arg>
</arguments>
<msg timestamp="20190214 14:34:40.122" level="INFO">Removed tag 'regression1'.</msg>
<status status="PASS" starttime="20190214 14:34:40.122" endtime="20190214 14:34:40.122"></status>
</kw>
<kw name="Log" library="BuiltIn" type="teardown">
<doc>Logs the given message with the given level.</doc>
<arguments>
<arg>I am inside Test Teardown</arg>
</arguments>
<msg timestamp="20190214 14:34:40.123" level="INFO">I am inside Test Teardown</msg>
<status status="PASS" starttime="20190214 14:34:40.123" endtime="20190214 14:34:40.123"></status>
</kw>
<tags>
<tag>Smoke Test</tag>
</tags>
<status status="PASS" starttime="20190214 14:34:40.120" endtime="20190214 14:34:40.123" critical="yes"></status>
</test>
<test id="s1-s1-s1-t3" name="MYThirdTest">
<kw name="Log" library="BuiltIn" type="setup">
<doc>Logs the given message with the given level.</doc>
<arguments>
<arg>I am inside Test Setup</arg>
</arguments>
<msg timestamp="20190214 14:34:40.124" level="INFO">I am inside Test Setup</msg>
<status status="PASS" starttime="20190214 14:34:40.124" endtime="20190214 14:34:40.124"></status>
</kw>
<kw name="Log" library="BuiltIn">
<doc>Logs the given message with the given level.</doc>
<arguments>
<arg>I am inside third test</arg>
</arguments>
<msg timestamp="20190214 14:34:40.125" level="INFO">I am inside third test</msg>
<status status="PASS" starttime="20190214 14:34:40.125" endtime="20190214 14:34:40.125"></status>
</kw>
<kw name="Log" library="BuiltIn" type="teardown">
<doc>Logs the given message with the given level.</doc>
<arguments>
<arg>I am inside Test Teardown</arg>
</arguments>
<msg timestamp="20190214 14:34:40.126" level="INFO">I am inside Test Teardown</msg>
<status status="PASS" starttime="20190214 14:34:40.125" endtime="20190214 14:34:40.126"></status>
</kw>
<tags>
<tag>Smoke Test</tag>
</tags>
<status status="PASS" starttime="20190214 14:34:40.124" endtime="20190214 14:34:40.126" critical="yes"></status>
</test>
<kw name="Log" library="BuiltIn" type="teardown">
<doc>Logs the given message with the given level.</doc>
<arguments>
<arg>I am inside Test Suite Teardown</arg>
</arguments>
<msg timestamp="20190214 14:34:40.127" level="INFO">I am inside Test Suite Teardown</msg>
<status status="PASS" starttime="20190214 14:34:40.126" endtime="20190214 14:34:40.127"></status>
</kw>
<status status="PASS" starttime="20190214 14:34:40.016" endtime="20190214 14:34:40.127"></status>
</suite>
<status status="PASS" starttime="20190214 14:34:40.013" endtime="20190214 14:34:40.128"></status>
</suite>
<status status="PASS" starttime="20190214 14:34:39.990" endtime="20190214 14:34:40.129"></status>
</suite>
<statistics>
<total>
<stat pass="3" fail="0">Critical Tests</stat>
<stat pass="3" fail="0">All Tests</stat>
</total>
<tag>
<stat pass="1" fail="0">sanity</stat>
<stat pass="2" fail="0">Smoke Test</stat>
</tag>
<suite>
<stat pass="3" fail="0" id="s1" name="RobotProject">RobotProject</stat>
<stat pass="3" fail="0" id="s1-s1" name="Test">RobotProject.Test</stat>
<stat pass="3" fail="0" id="s1-s1-s1" name="RobotTestSuite">RobotProject.Test.RobotTestSuite</stat>
</suite>
</statistics>
<errors>
</errors>
</robot>
