<?xml version="1.0" encoding="UTF-8"?>
<robot generator="Robot 3.1.1 (Python 3.7.2 on darwin)" generated="20190214 15:06:33.838" rpa="false">
<suite id="s1" name="RobotTestSuite" source="/Volumes/DATA/Robot Workspace/RobotProject/Test/RobotTestSuite.robot">
<kw name="Log" library="BuiltIn" type="setup">
<doc>Logs the given message with the given level.</doc>
<arguments>
<arg>I am inside Test Suite Setup</arg>
</arguments>
<msg timestamp="20190214 15:06:33.960" level="INFO">I am inside Test Suite Setup</msg>
<status status="PASS" starttime="20190214 15:06:33.960" endtime="20190214 15:06:33.960"></status>
</kw>
<test id="s1-t1" name="MYFirstTest">
<kw name="Log" library="BuiltIn" type="setup">
<doc>Logs the given message with the given level.</doc>
<arguments>
<arg>I am inside Test Setup</arg>
</arguments>
<msg timestamp="20190214 15:06:33.961" level="INFO">I am inside Test Setup</msg>
<status status="PASS" starttime="20190214 15:06:33.961" endtime="20190214 15:06:33.961"></status>
</kw>
<kw name="Log" library="BuiltIn">
<doc>Logs the given message with the given level.</doc>
<arguments>
<arg>HEllo World</arg>
</arguments>
<msg timestamp="20190214 15:06:33.962" level="INFO">HEllo World</msg>
<status status="PASS" starttime="20190214 15:06:33.962" endtime="20190214 15:06:33.962"></status>
</kw>
<kw name="Log" library="BuiltIn" type="teardown">
<doc>Logs the given message with the given level.</doc>
<arguments>
<arg>I am inside Test Teardown</arg>
</arguments>
<msg timestamp="20190214 15:06:33.962" level="INFO">I am inside Test Teardown</msg>
<status status="PASS" starttime="20190214 15:06:33.962" endtime="20190214 15:06:33.962"></status>
</kw>
<tags>
<tag>sanity</tag>
</tags>
<status status="PASS" starttime="20190214 15:06:33.961" endtime="20190214 15:06:33.962" critical="yes"></status>
</test>
<kw name="Log" library="BuiltIn" type="teardown">
<doc>Logs the given message with the given level.</doc>
<arguments>
<arg>I am inside Test Suite Teardown</arg>
</arguments>
<msg timestamp="20190214 15:06:33.963" level="INFO">I am inside Test Suite Teardown</msg>
<status status="PASS" starttime="20190214 15:06:33.963" endtime="20190214 15:06:33.963"></status>
</kw>
<status status="PASS" starttime="20190214 15:06:33.840" endtime="20190214 15:06:33.963"></status>
</suite>
<statistics>
<total>
<stat pass="1" fail="0">Critical Tests</stat>
<stat pass="1" fail="0">All Tests</stat>
</total>
<tag>
<stat pass="1" fail="0">sanity</stat>
</tag>
<suite>
<stat pass="1" fail="0" id="s1" name="RobotTestSuite">RobotTestSuite</stat>
</suite>
</statistics>
<errors>
</errors>
</robot>
